Starting a Gradle Daemon, 1 incompatible and 3 stopped Daemons could not be reused, use --status for details
> Task :compileJava
> Task :processResources
> Task :classes
> Task :resolveMainClassName

> Task :bootRun

  .   ____          _            __ _ _
 /\\ / ___'_ __ _ _(_)_ __  __ _ \ \ \ \
( ( )\___ | '_ | '_| | '_ \/ _` | \ \ \ \
 \\/  ___)| |_)| | | | | || (_| |  ) ) ) )
  '  |____| .__|_| |_|_| |_\__, | / / / /
 =========|_|==============|___/=/_/_/_/

 :: Spring Boot ::                (v3.5.7)

2025-11-04T12:00:21.158+09:00  INFO 14995 --- [chat] [           main] com.chat.ChatApplication                 : Starting ChatApplication using Java 17.0.11 with PID 14995 (/Users/gimhangyeol/Chat/chat/build/classes/java/main started by gimhangyeol in /Users/gimhangyeol/Chat/chat)
2025-11-04T12:00:21.160+09:00  INFO 14995 --- [chat] [           main] com.chat.ChatApplication                 : No active profile set, falling back to 1 default profile: "default"
2025-11-04T12:00:21.480+09:00  INFO 14995 --- [chat] [           main] .s.d.r.c.RepositoryConfigurationDelegate : Bootstrapping Spring Data JPA repositories in DEFAULT mode.
2025-11-04T12:00:21.490+09:00  INFO 14995 --- [chat] [           main] .s.d.r.c.RepositoryConfigurationDelegate : Finished Spring Data repository scanning in 6 ms. Found 0 JPA repository interfaces.
2025-11-04T12:00:21.719+09:00  INFO 14995 --- [chat] [           main] o.s.b.w.embedded.tomcat.TomcatWebServer  : Tomcat initialized with port 8080 (http)
2025-11-04T12:00:21.727+09:00  INFO 14995 --- [chat] [           main] o.apache.catalina.core.StandardService   : Starting service [Tomcat]
2025-11-04T12:00:21.727+09:00  INFO 14995 --- [chat] [           main] o.apache.catalina.core.StandardEngine    : Starting Servlet engine: [Apache Tomcat/10.1.48]
2025-11-04T12:00:21.761+09:00  INFO 14995 --- [chat] [           main] o.a.c.c.C.[Tomcat].[localhost].[/]       : Initializing Spring embedded WebApplicationContext
2025-11-04T12:00:21.762+09:00  INFO 14995 --- [chat] [           main] w.s.c.ServletWebServerApplicationContext : Root WebApplicationContext: initialization completed in 584 ms
2025-11-04T12:00:21.825+09:00  INFO 14995 --- [chat] [           main] com.zaxxer.hikari.HikariDataSource       : HikariPool-1 - Starting...
2025-11-04T12:00:21.904+09:00  INFO 14995 --- [chat] [           main] com.zaxxer.hikari.pool.HikariPool        : HikariPool-1 - Added connection conn0: url=jdbc:h2:mem:0cf3372e-25e8-471a-8787-9767bcd8bc2f user=SA
2025-11-04T12:00:21.905+09:00  INFO 14995 --- [chat] [           main] com.zaxxer.hikari.HikariDataSource       : HikariPool-1 - Start completed.
2025-11-04T12:00:21.925+09:00  INFO 14995 --- [chat] [           main] o.hibernate.jpa.internal.util.LogHelper  : HHH000204: Processing PersistenceUnitInfo [name: default]
2025-11-04T12:00:21.953+09:00  INFO 14995 --- [chat] [           main] org.hibernate.Version                    : HHH000412: Hibernate ORM core version 6.6.33.Final
2025-11-04T12:00:21.968+09:00  INFO 14995 --- [chat] [           main] o.h.c.internal.RegionFactoryInitiator    : HHH000026: Second-level cache disabled
2025-11-04T12:00:22.103+09:00  INFO 14995 --- [chat] [           main] o.s.o.j.p.SpringPersistenceUnitInfo      : No LoadTimeWeaver setup: ignoring JPA class transformer
2025-11-04T12:00:22.137+09:00  INFO 14995 --- [chat] [           main] org.hibernate.orm.connections.pooling    : HHH10001005: Database info:
	Database JDBC URL [Connecting through datasource 'HikariDataSource (HikariPool-1)']
	Database driver: undefined/unknown
	Database version: 2.3.232
	Autocommit mode: undefined/unknown
	Isolation level: undefined/unknown
	Minimum pool size: undefined/unknown
	Maximum pool size: undefined/unknown
2025-11-04T12:00:22.287+09:00  INFO 14995 --- [chat] [           main] o.h.e.t.j.p.i.JtaPlatformInitiator       : HHH000489: No JTA platform available (set 'hibernate.transaction.jta.platform' to enable JTA platform integration)
2025-11-04T12:00:22.290+09:00  INFO 14995 --- [chat] [           main] j.LocalContainerEntityManagerFactoryBean : Initialized JPA EntityManagerFactory for persistence unit 'default'
2025-11-04T12:00:22.348+09:00  WARN 14995 --- [chat] [           main] JpaBaseConfiguration$JpaWebConfiguration : spring.jpa.open-in-view is enabled by default. Therefore, database queries may be performed during view rendering. Explicitly configure spring.jpa.open-in-view to disable this warning
2025-11-04T12:00:22.379+09:00  INFO 14995 --- [chat] [           main] o.s.b.a.w.s.WelcomePageHandlerMapping    : Adding welcome page template: index
2025-11-04T12:00:22.427+09:00  WARN 14995 --- [chat] [           main] .s.s.UserDetailsServiceAutoConfiguration : 

Using generated security password: 467f0f22-bcc1-4e93-baf8-785dd2b320d0

This generated password is for development use only. Your security configuration must be updated before running your application in production.

2025-11-04T12:00:22.430+09:00  INFO 14995 --- [chat] [           main] r$InitializeUserDetailsManagerConfigurer : Global AuthenticationManager configured with UserDetailsService bean with name inMemoryUserDetailsManager
2025-11-04T12:00:22.595+09:00  INFO 14995 --- [chat] [           main] o.s.m.s.b.SimpleBrokerMessageHandler     : Starting...
2025-11-04T12:00:22.596+09:00  INFO 14995 --- [chat] [           main] o.s.m.s.b.SimpleBrokerMessageHandler     : BrokerAvailabilityEvent[available=true, SimpleBrokerMessageHandler [org.springframework.messaging.simp.broker.DefaultSubscriptionRegistry@22e95960]]
2025-11-04T12:00:22.596+09:00  INFO 14995 --- [chat] [           main] o.s.m.s.b.SimpleBrokerMessageHandler     : Started.
2025-11-04T12:00:22.611+09:00  INFO 14995 --- [chat] [           main] o.s.b.w.embedded.tomcat.TomcatWebServer  : Tomcat started on port 8080 (http) with context path '/'
2025-11-04T12:00:22.616+09:00  INFO 14995 --- [chat] [           main] com.chat.ChatApplication                 : Started ChatApplication in 1.647 seconds (process running for 1.821)
2025-11-04T12:01:22.605+09:00  INFO 14995 --- [chat] [MessageBroker-1] o.s.w.s.c.WebSocketMessageBrokerStats    : WebSocketSession[0 current WS(0)-HttpStream(0)-HttpPoll(0), 0 total, 0 closed abnormally (0 connect failure, 0 send limit, 0 transport error)], stompSubProtocol[processed CONNECT(0)-CONNECTED(0)-DISCONNECT(0)], stompBrokerRelay[null], inboundChannel[pool size = 0, active threads = 0, queued tasks = 0, completed tasks = 0], outboundChannel[pool size = 0, active threads = 0, queued tasks = 0, completed tasks = 0], sockJsScheduler[pool size = 1, active threads = 1, queued tasks = 0, completed tasks = 0]
